This file contains any messages produced by compilers while
running configure, to aid debugging if configure makes a mistake.

It was created by configure, which was
generated by GNU Autoconf 2.59.  Invocation command line was

  $ ./configure 

## --------- ##
## Platform. ##
## --------- ##

hostname = inf-dev-porsche.weibo.com
uname -m = x86_64
uname -r = 2.6.18-164.el5
uname -s = Linux
uname -v = #1 SMP Thu Sep 3 03:28:30 EDT 2009

/usr/bin/uname -p = unknown
/bin/uname -X     = unknown

/bin/arch              = x86_64
/usr/bin/arch -k       = unknown
/usr/convex/getsysinfo = unknown
hostinfo               = unknown
/bin/machine           = unknown
/usr/bin/oslevel       = unknown
/bin/universe          = unknown

PATH: /home/huixinchen
PATH: /home/huixinchen/local/bin/
PATH: /home/huixinchen/local/subversion/bin/
PATH: /home/huixinchen/local/httpd/bin
PATH: /home/huixinchen/local/php/bin
PATH: /home/huixinchen/local/mysql/bin
PATH: /home/huixinchen/local/pgsql/bin
PATH: /home/huixinchen/local/vim73/bin
PATH: /home/huixinchen/local/tidy/bin
PATH: /home/huixinchen/local/graphviz/bin/
PATH: /home/huixinchen/local/fop-0.95/
PATH: /home/huixinchen/local/tcl/bin
PATH: /home/huixinchen/local/ctags/bin
PATH: /usr/local/bin
PATH: /sbin
PATH: /bin
PATH: /usr/sbin
PATH: /usr/bin
PATH: /usr/X11R6/bin
PATH: /home/huixinchen/local/sharutils/bin/
PATH: /home/huixinchen/local/valgrind/bin/
PATH: /home/huixinchen/local/lua/bin
PATH: /home/huixinchen/local/mysql-proxy/bin/
PATH: /home/huixinchen/local/most/bin
PATH: /home/huixinchen/local/git/bin


## ----------- ##
## Core tests. ##
## ----------- ##

configure:1498: checking for egrep
configure:1508: result: grep -E
configure:1513: checking for a sed that does not truncate output
configure:1567: result: /bin/sed
configure:1697: checking for cc
configure:1713: found /usr/bin/cc
configure:1723: result: cc
configure:1744: checking for C compiler version
configure:1747: cc --version </dev/null >&5
cc (GCC) 4.1.2 20080704 (Red Hat 4.1.2-46)
Copyright (C) 2006 Free Software Foundation, Inc.
This is free software; see the source for copying conditions.  There is NO
warranty; not even for MERCHANTABILITY or FITNESS FOR A PARTICULAR PURPOSE.

configure:1750: $? = 0
configure:1752: cc -v </dev/null >&5
Using built-in specs.
Target: x86_64-redhat-linux
Configured with: ../configure --prefix=/usr --mandir=/usr/share/man --infodir=/usr/share/info --enable-shared --enable-threads=posix --enable-checking=release --with-system-zlib --enable-__cxa_atexit --disable-libunwind-exceptions --enable-libgcj-multifile --enable-languages=c,c++,objc,obj-c++,java,fortran,ada --enable-java-awt=gtk --disable-dssi --enable-plugin --with-java-home=/usr/lib/jvm/java-1.4.2-gcj-1.4.2.0/jre --with-cpu=generic --host=x86_64-redhat-linux
Thread model: posix
gcc version 4.1.2 20080704 (Red Hat 4.1.2-46)
configure:1755: $? = 0
configure:1757: cc -V </dev/null >&5
cc: '-V' option must have argument
configure:1760: $? = 1
configure:1783: checking for C compiler default output file name
configure:1786: cc    conftest.c  >&5
configure:1789: $? = 0
configure:1835: result: a.out
configure:1840: checking whether the C compiler works
configure:1846: ./a.out
configure:1849: $? = 0
configure:1866: result: yes
configure:1873: checking whether we are cross compiling
configure:1875: result: no
configure:1878: checking for suffix of executables
configure:1880: cc -o conftest    conftest.c  >&5
configure:1883: $? = 0
configure:1908: result: 
configure:1914: checking for suffix of object files
configure:1935: cc -c   conftest.c >&5
configure:1938: $? = 0
configure:1960: result: o
configure:1964: checking whether we are using the GNU C compiler
configure:1988: cc -c   conftest.c >&5
configure:1994: $? = 0
configure:1998: test -z 
			 || test ! -s conftest.err
configure:2001: $? = 0
configure:2004: test -s conftest.o
configure:2007: $? = 0
configure:2020: result: yes
configure:2026: checking whether cc accepts -g
configure:2047: cc -c -g  conftest.c >&5
configure:2053: $? = 0
configure:2057: test -z 
			 || test ! -s conftest.err
configure:2060: $? = 0
configure:2063: test -s conftest.o
configure:2066: $? = 0
configure:2077: result: yes
configure:2094: checking for cc option to accept ANSI C
configure:2164: cc  -c -g -O2  conftest.c >&5
configure:2170: $? = 0
configure:2174: test -z 
			 || test ! -s conftest.err
configure:2177: $? = 0
configure:2180: test -s conftest.o
configure:2183: $? = 0
configure:2201: result: none needed
configure:2219: cc -c -g -O2  conftest.c >&5
conftest.c:2: error: expected '=', ',', ';', 'asm' or '__attribute__' before 'me'
configure:2225: $? = 1
configure: failed program was:
| #ifndef __cplusplus
|   choke me
| #endif
configure:2364: checking how to run the C preprocessor
configure:2399: cc -E  conftest.c
configure:2405: $? = 0
configure:2437: cc -E  conftest.c
conftest.c:9:28: error: ac_nonexistent.h: No such file or directory
configure:2443: $? = 1
configure: failed program was:
| /* confdefs.h.  */
| 
| #define PACKAGE_NAME ""
| #define PACKAGE_TARNAME ""
| #define PACKAGE_VERSION ""
| #define PACKAGE_STRING ""
| #define PACKAGE_BUGREPORT ""
| /* end confdefs.h.  */
| #include <ac_nonexistent.h>
configure:2482: result: cc -E
configure:2506: cc -E  conftest.c
configure:2512: $? = 0
configure:2544: cc -E  conftest.c
conftest.c:9:28: error: ac_nonexistent.h: No such file or directory
configure:2550: $? = 1
configure: failed program was:
| /* confdefs.h.  */
| 
| #define PACKAGE_NAME ""
| #define PACKAGE_TARNAME ""
| #define PACKAGE_VERSION ""
| #define PACKAGE_STRING ""
| #define PACKAGE_BUGREPORT ""
| /* end confdefs.h.  */
| #include <ac_nonexistent.h>
configure:2596: checking for icc
configure:2609: result: no
configure:2623: checking for suncc
configure:2636: result: no
configure:2654: checking whether cc understands -c and -o together
configure:2681: cc -c conftest.c -o conftest.o >&5
configure:2684: $? = 0
configure:2686: cc -c conftest.c -o conftest.o >&5
configure:2689: $? = 0
configure:2728: result: yes
configure:2744: checking for system library directory
configure:2759: result: lib
configure:2766: checking if compiler supports -R
configure:2790: cc -o conftest -g -O2   conftest.c -R /usr/lib  >&5
cc: unrecognized option '-R'
/usr/lib: file not recognized: Is a directory
collect2: ld returned 1 exit status
configure:2796: $? = 1
configure: failed program was:
| /* confdefs.h.  */
| 
| #define PACKAGE_NAME ""
| #define PACKAGE_TARNAME ""
| #define PACKAGE_VERSION ""
| #define PACKAGE_STRING ""
| #define PACKAGE_BUGREPORT ""
| /* end confdefs.h.  */
| 
| int
| main ()
| {
| 
|   ;
|   return 0;
| }
configure:2823: result: no
configure:2828: checking if compiler supports -Wl,-rpath,
configure:2852: cc -o conftest -g -O2   conftest.c -Wl,-rpath,/usr/lib  >&5
configure:2858: $? = 0
configure:2862: test -z 
			 || test ! -s conftest.err
configure:2865: $? = 0
configure:2868: test -s conftest
configure:2871: $? = 0
configure:2885: result: yes
configure:2928: checking build system type
configure:2946: result: x86_64-unknown-linux-gnu
configure:2954: checking host system type
configure:2968: result: x86_64-unknown-linux-gnu
configure:2976: checking target system type
configure:2990: result: x86_64-unknown-linux-gnu
configure:3085: checking for PHP prefix
configure:3087: result: /home/huixinchen/local/php
configure:3089: checking for PHP includes
configure:3091: result: -I/home/huixinchen/local/php/include/php -I/home/huixinchen/local/php/include/php/main -I/home/huixinchen/local/php/include/php/TSRM -I/home/huixinchen/local/php/include/php/Zend -I/home/huixinchen/local/php/include/php/ext -I/home/huixinchen/local/php/include/php/ext/date/lib
configure:3093: checking for PHP extension directory
configure:3095: result: /home/huixinchen/local/php/lib/php/extensions/debug-non-zts-20060613
configure:3097: checking for PHP installed headers prefix
configure:3099: result: /home/huixinchen/local/php/include/php
configure:3102: checking if debug is enabled
configure:3132: result: yes
configure:3135: checking if zts is enabled
configure:3165: result: yes
configure:3239: checking for re2c
configure:3268: result: no
configure:3292: WARNING: You will need re2c 0.13.4 or later if you want to regenerate PHP parsers.
configure:3306: checking for gawk
configure:3323: found /bin/gawk
configure:3333: result: gawk
configure:3380: checking whether to enable APC support
configure:3419: result: yes, shared
configure:3437: checking whether we should enable cache request file info
configure:3450: result: no
configure:3455: checking whether we should use mmap
configure:3468: result: yes
configure:3473: checking whether we should use semaphore locking instead of fcntl
configure:3486: result: no
configure:3491: checking whether we should use pthread mutex locking
configure:3504: result: yes
configure:3567: cc -o conftest -g  -O0   conftest.c  -lpthread >&5
configure:3570: $? = 0
configure:3572: ./conftest
configure:3575: $? = 0
configure:3604: checking whether we should use pthread read/write locking
configure:3617: result: no
configure:3718: checking whether the target compiler supports builtin atomics
configure:3746: cc -o conftest -g  -O0   conftest.c  >&5
configure:3752: $? = 0
configure:3756: test -z 
			 || test ! -s conftest.err
configure:3759: $? = 0
configure:3762: test -s conftest
configure:3765: $? = 0
configure:3778: result: yes
configure:3795: checking whether we should use spin locks
configure:3808: result: no
configure:3814: checking whether we should enable memory protection
configure:3827: result: no
configure:3892: checking for zend_set_lookup_function_hook
configure:3921: cc -c -I/home/huixinchen/local/php/include/php -I/home/huixinchen/local/php/include/php/main -I/home/huixinchen/local/php/include/php/TSRM -I/home/huixinchen/local/php/include/php/Zend -I/home/huixinchen/local/php/include/php/ext -I/home/huixinchen/local/php/include/php/ext/date/lib   conftest.c >&5
conftest.c: In function 'main':
conftest.c:20: error: 'zend_set_lookup_function_hook' undeclared (first use in this function)
conftest.c:20: error: (Each undeclared identifier is reported only once
conftest.c:20: error: for each function it appears in.)
configure:3927: $? = 1
configure: failed program was:
| /* confdefs.h.  */
| 
| #define PACKAGE_NAME ""
| #define PACKAGE_TARNAME ""
| #define PACKAGE_VERSION ""
| #define PACKAGE_STRING ""
| #define PACKAGE_BUGREPORT ""
| #define HAVE_ATOMIC_OPERATIONS 1
| #define APC_MMAP 1
| #define APC_PTHREADMUTEX_LOCKS 1
| /* end confdefs.h.  */
| 
| #include "main/php.h"
| #include "Zend/zend_API.h"
| 
| int
| main ()
| {
| #ifndef zend_set_lookup_function_hook
| 	(void) zend_set_lookup_function_hook;
| #endif
|   ;
|   return 0;
| }
configure:3957: result: no
configure:3977: checking for sigaction
configure:4034: cc -o conftest -g  -O0   conftest.c  >&5
configure:4040: $? = 0
configure:4044: test -z 
			 || test ! -s conftest.err
configure:4047: $? = 0
configure:4050: test -s conftest
configure:4053: $? = 0
configure:4065: result: yes
configure:4075: checking for union semun
configure:4101: cc -c -g  -O0  conftest.c >&5
conftest.c: In function 'main':
conftest.c:22: error: storage size of 'x' isn't known
configure:4107: $? = 1
configure: failed program was:
| /* confdefs.h.  */
| 
| #define PACKAGE_NAME ""
| #define PACKAGE_TARNAME ""
| #define PACKAGE_VERSION ""
| #define PACKAGE_STRING ""
| #define PACKAGE_BUGREPORT ""
| #define HAVE_ATOMIC_OPERATIONS 1
| #define APC_MMAP 1
| #define APC_PTHREADMUTEX_LOCKS 1
| #define APC_HAVE_LOOKUP_HOOKS 0
| #define HAVE_SIGACTION 1
| /* end confdefs.h.  */
| 
| #include <sys/types.h>
| #include <sys/ipc.h>
| #include <sys/sem.h>
| 
| int
| main ()
| {
| union semun x; x.val=1
|   ;
|   return 0;
| }
configure:4136: result: no
configure:4152: checking whether we should enable valgrind support
configure:4154: checking for ANSI C header files
configure:4179: cc -c -g  -O0  conftest.c >&5
configure:4185: $? = 0
configure:4189: test -z 
			 || test ! -s conftest.err
configure:4192: $? = 0
configure:4195: test -s conftest.o
configure:4198: $? = 0
configure:4287: cc -o conftest -g  -O0   conftest.c  >&5
conftest.c: In function 'main':
conftest.c:32: warning: incompatible implicit declaration of built-in function 'exit'
configure:4290: $? = 0
configure:4292: ./conftest
configure:4295: $? = 0
configure:4310: result: yes
configure:4334: checking for sys/types.h
configure:4350: cc -c -g  -O0  conftest.c >&5
configure:4356: $? = 0
configure:4360: test -z 
			 || test ! -s conftest.err
configure:4363: $? = 0
configure:4366: test -s conftest.o
configure:4369: $? = 0
configure:4380: result: yes
configure:4334: checking for sys/stat.h
configure:4350: cc -c -g  -O0  conftest.c >&5
configure:4356: $? = 0
configure:4360: test -z 
			 || test ! -s conftest.err
configure:4363: $? = 0
configure:4366: test -s conftest.o
configure:4369: $? = 0
configure:4380: result: yes
configure:4334: checking for stdlib.h
configure:4350: cc -c -g  -O0  conftest.c >&5
configure:4356: $? = 0
configure:4360: test -z 
			 || test ! -s conftest.err
configure:4363: $? = 0
configure:4366: test -s conftest.o
configure:4369: $? = 0
configure:4380: result: yes
configure:4334: checking for string.h
configure:4350: cc -c -g  -O0  conftest.c >&5
configure:4356: $? = 0
configure:4360: test -z 
			 || test ! -s conftest.err
configure:4363: $? = 0
configure:4366: test -s conftest.o
configure:4369: $? = 0
configure:4380: result: yes
configure:4334: checking for memory.h
configure:4350: cc -c -g  -O0  conftest.c >&5
configure:4356: $? = 0
configure:4360: test -z 
			 || test ! -s conftest.err
configure:4363: $? = 0
configure:4366: test -s conftest.o
configure:4369: $? = 0
configure:4380: result: yes
configure:4334: checking for strings.h
configure:4350: cc -c -g  -O0  conftest.c >&5
configure:4356: $? = 0
configure:4360: test -z 
			 || test ! -s conftest.err
configure:4363: $? = 0
configure:4366: test -s conftest.o
configure:4369: $? = 0
configure:4380: result: yes
configure:4334: checking for inttypes.h
configure:4350: cc -c -g  -O0  conftest.c >&5
configure:4356: $? = 0
configure:4360: test -z 
			 || test ! -s conftest.err
configure:4363: $? = 0
configure:4366: test -s conftest.o
configure:4369: $? = 0
configure:4380: result: yes
configure:4334: checking for stdint.h
configure:4350: cc -c -g  -O0  conftest.c >&5
configure:4356: $? = 0
configure:4360: test -z 
			 || test ! -s conftest.err
configure:4363: $? = 0
configure:4366: test -s conftest.o
configure:4369: $? = 0
configure:4380: result: yes
configure:4334: checking for unistd.h
configure:4350: cc -c -g  -O0  conftest.c >&5
configure:4356: $? = 0
configure:4360: test -z 
			 || test ! -s conftest.err
configure:4363: $? = 0
configure:4366: test -s conftest.o
configure:4369: $? = 0
configure:4380: result: yes
configure:4403: result: yes
configure:4415: checking valgrind/memcheck.h usability
configure:4427: cc -c -g  -O0  conftest.c >&5
configure:4433: $? = 0
configure:4437: test -z 
			 || test ! -s conftest.err
configure:4440: $? = 0
configure:4443: test -s conftest.o
configure:4446: $? = 0
configure:4456: result: yes
configure:4460: checking valgrind/memcheck.h presence
configure:4470: cc -E  conftest.c
configure:4476: $? = 0
configure:4496: result: yes
configure:4531: checking for valgrind/memcheck.h
configure:4538: result: yes
configure:4672: checking for shm_open in -lrt
configure:4702: cc -o conftest -g  -O0   conftest.c -lrt   >&5
configure:4708: $? = 0
configure:4712: test -z 
			 || test ! -s conftest.err
configure:4715: $? = 0
configure:4718: test -s conftest
configure:4721: $? = 0
configure:4734: result: yes
configure:5102: checking whether to include code coverage symbols
configure:5116: result: no
configure:5370: checking for ld used by cc
configure:5437: result: /usr/bin/ld
configure:5446: checking if the linker (/usr/bin/ld) is GNU ld
configure:5461: result: yes
configure:5466: checking for /usr/bin/ld option to reload object files
configure:5473: result: -r
configure:5491: checking for BSD-compatible nm
configure:5540: result: /usr/bin/nm -B
configure:5544: checking whether ln -s works
configure:5548: result: yes
configure:5555: checking how to recognize dependent libraries
configure:5741: result: pass_all
configure:5826: cc -c -g  -O0  conftest.c >&5
configure:5829: $? = 0
configure:5996: checking dlfcn.h usability
configure:6008: cc -c -g  -O0  conftest.c >&5
configure:6014: $? = 0
configure:6018: test -z 
			 || test ! -s conftest.err
configure:6021: $? = 0
configure:6024: test -s conftest.o
configure:6027: $? = 0
configure:6037: result: yes
configure:6041: checking dlfcn.h presence
configure:6051: cc -E  conftest.c
configure:6057: $? = 0
configure:6077: result: yes
configure:6112: checking for dlfcn.h
configure:6119: result: yes
configure:6144: checking the maximum length of command line arguments
configure:6256: result: 98304
configure:6268: checking command to parse /usr/bin/nm -B output from cc object
configure:6373: cc -c -g  -O0  conftest.c >&5
configure:6376: $? = 0
configure:6380: /usr/bin/nm -B conftest.o \| sed -n -e 's/^.*[ 	]\([ABCDGIRSTW][ABCDGIRSTW]*\)[ 	][ 	]*\([_A-Za-z][_A-Za-z0-9]*\)$/\1 \2 \2/p' \> conftest.nm
configure:6383: $? = 0
configure:6435: cc -o conftest -g  -O0   conftest.c conftstm.o >&5
configure:6438: $? = 0
configure:6476: result: ok
configure:6480: checking for objdir
configure:6495: result: .libs
configure:6585: checking for ar
configure:6601: found /usr/bin/ar
configure:6612: result: ar
configure:6665: checking for ranlib
configure:6681: found /usr/bin/ranlib
configure:6692: result: ranlib
configure:6745: checking for strip
configure:6761: found /usr/bin/strip
configure:6772: result: strip
configure:7308: checking if cc supports -fno-rtti -fno-exceptions
configure:7326: cc -c -g  -O0  -fno-rtti -fno-exceptions conftest.c >&5
cc1: warning: command line option "-fno-rtti" is valid for C++/ObjC++ but not for C
configure:7330: $? = 0
configure:7343: result: no
configure:7358: checking for cc option to produce PIC
configure:7598: result: -fPIC
configure:7606: checking if cc PIC flag -fPIC works
configure:7624: cc -c -g  -O0  -fPIC -DPIC conftest.c >&5
configure:7628: $? = 0
configure:7641: result: yes
configure:7669: checking if cc static flag -static works
configure:7697: result: yes
configure:7707: checking if cc supports -c -o file.o
configure:7728: cc -c -g  -O0  -o out/conftest2.o conftest.c >&5
configure:7732: $? = 0
configure:7754: result: yes
configure:7780: checking whether the cc linker (/usr/bin/ld -m elf_x86_64) supports shared libraries
configure:8712: result: yes
configure:8733: checking whether -lc should be explicitly linked in
configure:8738: cc -c -g  -O0  conftest.c >&5
configure:8741: $? = 0
configure:8756: cc -shared conftest.o  -v -Wl,-soname -Wl,conftest -o conftest 2\>\&1 \| grep  -lc  \>/dev/null 2\>\&1
configure:8759: $? = 0
configure:8771: result: no
configure:8779: checking dynamic linker characteristics
configure:9381: result: GNU/Linux ld.so
configure:9405: checking how to hardcode library paths into programs
configure:9430: result: immediate
configure:9444: checking whether stripping libraries is possible
configure:9449: result: yes
configure:10284: checking if libtool supports shared libraries
configure:10286: result: yes
configure:10289: checking whether to build shared libraries
configure:10310: result: yes
configure:10313: checking whether to build static libraries
configure:10317: result: no
configure:10412: result:
creating libtool
configure:14107: creating ./config.status

## ---------------------- ##
## Running config.status. ##
## ---------------------- ##

This file was extended by config.status, which was
generated by GNU Autoconf 2.59.  Invocation command line was

  CONFIG_FILES    = 
  CONFIG_HEADERS  = 
  CONFIG_LINKS    = 
  CONFIG_COMMANDS = 
  $ ./config.status 

on inf-dev-porsche.weibo.com

config.status:454: creating config.h
config.status:576: config.h is unchanged

## ---------------- ##
## Cache variables. ##
## ---------------- ##

PHP_cv_APC_GCC_ATOMICS=yes
ac_cv_build=x86_64-unknown-linux-gnu
ac_cv_build_alias=x86_64-unknown-linux-gnu
ac_cv_c_compiler_gnu=yes
ac_cv_env_CC_set=
ac_cv_env_CC_value=
ac_cv_env_CFLAGS_set=
ac_cv_env_CFLAGS_value=
ac_cv_env_CPPFLAGS_set=
ac_cv_env_CPPFLAGS_value=
ac_cv_env_CPP_set=
ac_cv_env_CPP_value=
ac_cv_env_LDFLAGS_set=
ac_cv_env_LDFLAGS_value=
ac_cv_env_build_alias_set=
ac_cv_env_build_alias_value=
ac_cv_env_host_alias_set=
ac_cv_env_host_alias_value=
ac_cv_env_target_alias_set=
ac_cv_env_target_alias_value=
ac_cv_exeext=
ac_cv_func_sigaction=yes
ac_cv_header_dlfcn_h=yes
ac_cv_header_inttypes_h=yes
ac_cv_header_memory_h=yes
ac_cv_header_stdc=yes
ac_cv_header_stdint_h=yes
ac_cv_header_stdlib_h=yes
ac_cv_header_string_h=yes
ac_cv_header_strings_h=yes
ac_cv_header_sys_stat_h=yes
ac_cv_header_sys_types_h=yes
ac_cv_header_unistd_h=yes
ac_cv_header_valgrind_memcheck_h=yes
ac_cv_host=x86_64-unknown-linux-gnu
ac_cv_host_alias=x86_64-unknown-linux-gnu
ac_cv_lib_rt_shm_open=yes
ac_cv_objext=o
ac_cv_prog_AWK=gawk
ac_cv_prog_CPP='cc -E'
ac_cv_prog_ac_ct_AR=ar
ac_cv_prog_ac_ct_CC=cc
ac_cv_prog_ac_ct_RANLIB=ranlib
ac_cv_prog_ac_ct_STRIP=strip
ac_cv_prog_cc_cc_c_o=yes
ac_cv_prog_cc_g=yes
ac_cv_prog_cc_stdc=
ac_cv_prog_egrep='grep -E'
ac_cv_target=x86_64-unknown-linux-gnu
ac_cv_target_alias=x86_64-unknown-linux-gnu
lt_cv_deplibs_check_method=pass_all
lt_cv_file_magic_cmd='$MAGIC_CMD'
lt_cv_file_magic_test_file=
lt_cv_ld_reload_flag=-r
lt_cv_objdir=.libs
lt_cv_path_LD=/usr/bin/ld
lt_cv_path_NM='/usr/bin/nm -B'
lt_cv_path_SED=/bin/sed
lt_cv_prog_compiler_c_o=yes
lt_cv_prog_compiler_pic_works=yes
lt_cv_prog_compiler_rtti_exceptions=no
lt_cv_prog_compiler_static_works=yes
lt_cv_prog_gnu_ld=yes
lt_cv_sys_global_symbol_pipe='sed -n -e '\''s/^.*[ 	]\([ABCDGIRSTW][ABCDGIRSTW]*\)[ 	][ 	]*\([_A-Za-z][_A-Za-z0-9]*\)$/\1 \2 \2/p'\'''
lt_cv_sys_global_symbol_to_c_name_address='sed -n -e '\''s/^: \([^ ]*\) $/  {\"\1\", (lt_ptr) 0},/p'\'' -e '\''s/^[BCDEGRST] \([^ ]*\) \([^ ]*\)$/  {"\2", (lt_ptr) \&\2},/p'\'''
lt_cv_sys_global_symbol_to_cdecl='sed -n -e '\''s/^. .* \(.*\)$/extern int \1;/p'\'''
lt_cv_sys_lib_dlsearch_path_spec='/lib /usr/lib '
lt_cv_sys_lib_search_path_spec='/usr/lib/gcc/x86_64-redhat-linux/4.1.2 /usr/lib64 /lib64'
lt_cv_sys_max_cmd_len=98304
lt_lt_cv_prog_compiler_c_o='"yes"'
lt_lt_cv_sys_global_symbol_pipe='"sed -n -e '\''s/^.*[ 	]\\([ABCDGIRSTW][ABCDGIRSTW]*\\)[ 	][ 	]*\\([_A-Za-z][_A-Za-z0-9]*\\)\$/\\1 \\2 \\2/p'\''"'
lt_lt_cv_sys_global_symbol_to_c_name_address='"sed -n -e '\''s/^: \\([^ ]*\\) \$/  {\\\"\\1\\\", (lt_ptr) 0},/p'\'' -e '\''s/^[BCDEGRST] \\([^ ]*\\) \\([^ ]*\\)\$/  {\"\\2\", (lt_ptr) \\&\\2},/p'\''"'
lt_lt_cv_sys_global_symbol_to_cdecl='"sed -n -e '\''s/^. .* \\(.*\\)\$/extern int \\1;/p'\''"'
php_cv_cc_dashr=no
php_cv_cc_rpath=yes
php_cv_semun=no
php_cv_zend_set_lookup_function_hook=no

## ----------------- ##
## Output variables. ##
## ----------------- ##

AR='ar'
AWK='gawk'
CC='cc'
CFLAGS='-g  -O0'
CONFIGURE_COMMAND=' './configure' '
CONFIGURE_OPTIONS=''
CPP='cc -E'
CPPFLAGS=' -DHAVE_CONFIG_H'
DEFS='-DHAVE_CONFIG_H'
DSYMUTIL=''
ECHO='echo'
ECHO_C=''
ECHO_N='-n'
ECHO_T=''
EGREP='grep -E'
EXEEXT=''
GENHTML=''
LCOV=''
LDFLAGS=''
LIBOBJS=''
LIBS=''
LIBTOOL='$(SHELL) $(top_builddir)/libtool'
LN_S='ln -s'
LTLIBOBJS=''
NMEDIT=''
OBJEXT='o'
PACKAGE_BUGREPORT=''
PACKAGE_NAME=''
PACKAGE_STRING=''
PACKAGE_TARNAME=''
PACKAGE_VERSION=''
PATH_SEPARATOR=':'
RANLIB='ranlib'
RE2C='exit 0;'
SED='/bin/sed'
SHELL='/bin/sh'
SHLIB_DL_SUFFIX_NAME='so'
SHLIB_SUFFIX_NAME='so'
STRIP='strip'
ac_ct_AR='ar'
ac_ct_CC='cc'
ac_ct_DSYMUTIL=''
ac_ct_NMEDIT=''
ac_ct_RANLIB='ranlib'
ac_ct_STRIP='strip'
bindir='${exec_prefix}/bin'
build='x86_64-unknown-linux-gnu'
build_alias=''
build_cpu='x86_64'
build_os='linux-gnu'
build_vendor='unknown'
datadir='${prefix}/share'
exec_prefix='$(prefix)'
host='x86_64-unknown-linux-gnu'
host_alias='x86_64-unknown-linux-gnu'
host_cpu='x86_64'
host_os='linux-gnu'
host_vendor='unknown'
includedir='${prefix}/include'
infodir='${prefix}/info'
libdir='${exec_prefix}/lib'
libexecdir='${exec_prefix}/libexec'
localstatedir='${prefix}/var'
mandir='${prefix}/man'
oldincludedir='/usr/include'
prefix='/home/huixinchen/local/php'
program_transform_name='s,x,x,'
sbindir='${exec_prefix}/sbin'
sharedstatedir='${prefix}/com'
sysconfdir='${prefix}/etc'
target='x86_64-unknown-linux-gnu'
target_alias=''
target_cpu='x86_64'
target_os='linux-gnu'
target_vendor='unknown'

## ----------- ##
## confdefs.h. ##
## ----------- ##

#define APC_HAVE_LOOKUP_HOOKS 0
#define APC_MMAP 1
#define APC_PTHREADMUTEX_LOCKS 1
#define COMPILE_DL_APC 1
#define HAVE_APC 1
#define HAVE_ATOMIC_OPERATIONS 1
#define HAVE_DLFCN_H 1
#define HAVE_INTTYPES_H 1
#define HAVE_MEMORY_H 1
#define HAVE_SEMUN 0
#define HAVE_SIGACTION 1
#define HAVE_STDINT_H 1
#define HAVE_STDLIB_H 1
#define HAVE_STRINGS_H 1
#define HAVE_STRING_H 1
#define HAVE_SYS_STAT_H 1
#define HAVE_SYS_TYPES_H 1
#define HAVE_UNISTD_H 1
#define HAVE_VALGRIND_MEMCHECK_H 1
#define PACKAGE_BUGREPORT ""
#define PACKAGE_NAME ""
#define PACKAGE_STRING ""
#define PACKAGE_TARNAME ""
#define PACKAGE_VERSION ""
#define STDC_HEADERS 1

configure: exit 0
